Where should the integration start?
And where should the integration end?
And how many intervals should the area be divided into?
 process time      = 5.134298e-04 s
 value of integral = 3.141589e+00
Where should the integration start?
And where should the integration end?
And how many intervals should the area be divided into?
 process time      = 2.980828e-04 s
 value of integral = 3.141589e+00
Where should the integration start?
And where should the integration end?
And how many intervals should the area be divided into?
 process time      = 2.087872e-04 s
 value of integral = 3.141589e+00
Where should the integration start?
And where should the integration end?
And how many intervals should the area be divided into?
 process time      = 2.270099e-04 s
 value of integral = 3.141589e+00
Where should the integration start?
And where should the integration end?
And how many intervals should the area be divided into?
 process time      = 2.305866e-04 s
 value of integral = 3.141589e+00
