Where should the integration start?
And where should the integration end?
And how many intervals should the area be divided into?
 process time      = 6.300230e-04 s
 value of integral = 3.141593e+00
Where should the integration start?
And where should the integration end?
And how many intervals should the area be divided into?
 process time      = 4.955987e-04 s
 value of integral = 3.141593e+00
Where should the integration start?
And where should the integration end?
And how many intervals should the area be divided into?
 process time      = 6.652540e-04 s
 value of integral = 3.141593e+00
Where should the integration start?
And where should the integration end?
And how many intervals should the area be divided into?
 process time      = 1.113074e-03 s
 value of integral = 3.141593e+00
Where should the integration start?
And where should the integration end?
And how many intervals should the area be divided into?
 process time      = 2.028769e-03 s
 value of integral = 3.141593e+00
