Where should the integration start?
And where should the integration end?
And how many intervals should the area be divided into?
 process time      = 1.808208e-03 s
 value of integral = 3.141593e+00
Where should the integration start?
And where should the integration end?
And how many intervals should the area be divided into?
 process time      = 2.794047e-03 s
 value of integral = 3.141593e+00
Where should the integration start?
And where should the integration end?
And how many intervals should the area be divided into?
 process time      = 5.180391e-03 s
 value of integral = 3.141593e+00
Where should the integration start?
And where should the integration end?
And how many intervals should the area be divided into?
 process time      = 1.015875e-02 s
 value of integral = 3.141593e+00
Where should the integration start?
And where should the integration end?
And how many intervals should the area be divided into?
 process time      = 1.510106e-02 s
 value of integral = 3.141593e+00
